c:\users\yz778\desktop\csci 420\rollercoaster\assign1_coreopengl_startercode\hw1-startercode\bin\debug\vc142.pdb
c:\users\yz778\desktop\csci 420\rollercoaster\assign1_coreopengl_startercode\hw1-startercode\bin\debug\hw2.obj
c:\users\yz778\desktop\csci 420\rollercoaster\assign1_coreopengl_startercode\hw1-startercode\bin\debug\pipelineprogram.obj
c:\users\yz778\desktop\csci 420\rollercoaster\assign1_coreopengl_startercode\hw1-startercode\bin\debug\openglmatrix.obj
c:\users\yz778\desktop\csci 420\rollercoaster\assign1_coreopengl_startercode\hw1-startercode\bin\debug\basicpipelineprogram.obj
c:\users\yz778\desktop\csci 420\rollercoaster\assign1_coreopengl_startercode\hw1-startercode\bin\debug\imageio.obj
c:\users\yz778\desktop\csci 420\rollercoaster\assign1_coreopengl_startercode\hw1-startercode\bin\debug\hw2.exe
c:\users\yz778\desktop\csci 420\rollercoaster\assign1_coreopengl_startercode\hw1-startercode\bin\debug\hw2.pdb
c:\users\yz778\desktop\csci 420\rollercoaster\assign1_coreopengl_startercode\hw1-startercode\bin\debug\hw1.obj
c:\users\yz778\desktop\csci 420\rollercoaster\assign1_coreopengl_startercode\hw1-startercode\bin\debug\hw1.pdb
c:\users\yz778\desktop\csci 420\rollercoaster\assign1_coreopengl_startercode\hw1-startercode\\bin\debug\hw2.pdb
c:\users\yz778\desktop\csci 420\rollercoaster\assign1_coreopengl_startercode\hw1-startercode\\bin\debug\hw2.exe
c:\users\yz778\desktop\csci 420\rollercoaster\assign1_coreopengl_startercode\hw1-startercode\bin\debug\hw2.tlog\cl.command.1.tlog
c:\users\yz778\desktop\csci 420\rollercoaster\assign1_coreopengl_startercode\hw1-startercode\bin\debug\hw2.tlog\cl.read.1.tlog
c:\users\yz778\desktop\csci 420\rollercoaster\assign1_coreopengl_startercode\hw1-startercode\bin\debug\hw2.tlog\cl.write.1.tlog
c:\users\yz778\desktop\csci 420\rollercoaster\assign1_coreopengl_startercode\hw1-startercode\bin\debug\hw2.tlog\link.10364.delete.1.tlog
c:\users\yz778\desktop\csci 420\rollercoaster\assign1_coreopengl_startercode\hw1-startercode\bin\debug\hw2.tlog\link.10820.delete.1.tlog
c:\users\yz778\desktop\csci 420\rollercoaster\assign1_coreopengl_startercode\hw1-startercode\bin\debug\hw2.tlog\link.11812.delete.1.tlog
c:\users\yz778\desktop\csci 420\rollercoaster\assign1_coreopengl_startercode\hw1-startercode\bin\debug\hw2.tlog\link.11892.delete.1.tlog
c:\users\yz778\desktop\csci 420\rollercoaster\assign1_coreopengl_startercode\hw1-startercode\bin\debug\hw2.tlog\link.12316.delete.1.tlog
c:\users\yz778\desktop\csci 420\rollercoaster\assign1_coreopengl_startercode\hw1-startercode\bin\debug\hw2.tlog\link.12384.delete.1.tlog
c:\users\yz778\desktop\csci 420\rollercoaster\assign1_coreopengl_startercode\hw1-startercode\bin\debug\hw2.tlog\link.12788.delete.1.tlog
c:\users\yz778\desktop\csci 420\rollercoaster\assign1_coreopengl_startercode\hw1-startercode\bin\debug\hw2.tlog\link.12964.delete.1.tlog
c:\users\yz778\desktop\csci 420\rollercoaster\assign1_coreopengl_startercode\hw1-startercode\bin\debug\hw2.tlog\link.13404.delete.1.tlog
c:\users\yz778\desktop\csci 420\rollercoaster\assign1_coreopengl_startercode\hw1-startercode\bin\debug\hw2.tlog\link.13668.delete.1.tlog
c:\users\yz778\desktop\csci 420\rollercoaster\assign1_coreopengl_startercode\hw1-startercode\bin\debug\hw2.tlog\link.14104.delete.1.tlog
c:\users\yz778\desktop\csci 420\rollercoaster\assign1_coreopengl_startercode\hw1-startercode\bin\debug\hw2.tlog\link.14448.delete.1.tlog
c:\users\yz778\desktop\csci 420\rollercoaster\assign1_coreopengl_startercode\hw1-startercode\bin\debug\hw2.tlog\link.14516.delete.1.tlog
c:\users\yz778\desktop\csci 420\rollercoaster\assign1_coreopengl_startercode\hw1-startercode\bin\debug\hw2.tlog\link.14648.delete.1.tlog
c:\users\yz778\desktop\csci 420\rollercoaster\assign1_coreopengl_startercode\hw1-startercode\bin\debug\hw2.tlog\link.14996.delete.1.tlog
c:\users\yz778\desktop\csci 420\rollercoaster\assign1_coreopengl_startercode\hw1-startercode\bin\debug\hw2.tlog\link.15012.delete.1.tlog
c:\users\yz778\desktop\csci 420\rollercoaster\assign1_coreopengl_startercode\hw1-startercode\bin\debug\hw2.tlog\link.15416.delete.1.tlog
c:\users\yz778\desktop\csci 420\rollercoaster\assign1_coreopengl_startercode\hw1-startercode\bin\debug\hw2.tlog\link.16276.delete.1.tlog
c:\users\yz778\desktop\csci 420\rollercoaster\assign1_coreopengl_startercode\hw1-startercode\bin\debug\hw2.tlog\link.16756.delete.1.tlog
c:\users\yz778\desktop\csci 420\rollercoaster\assign1_coreopengl_startercode\hw1-startercode\bin\debug\hw2.tlog\link.16792.delete.1.tlog
c:\users\yz778\desktop\csci 420\rollercoaster\assign1_coreopengl_startercode\hw1-startercode\bin\debug\hw2.tlog\link.17032.delete.1.tlog
c:\users\yz778\desktop\csci 420\rollercoaster\assign1_coreopengl_startercode\hw1-startercode\bin\debug\hw2.tlog\link.17304.delete.1.tlog
c:\users\yz778\desktop\csci 420\rollercoaster\assign1_coreopengl_startercode\hw1-startercode\bin\debug\hw2.tlog\link.17900.delete.1.tlog
c:\users\yz778\desktop\csci 420\rollercoaster\assign1_coreopengl_startercode\hw1-startercode\bin\debug\hw2.tlog\link.18340.delete.1.tlog
c:\users\yz778\desktop\csci 420\rollercoaster\assign1_coreopengl_startercode\hw1-startercode\bin\debug\hw2.tlog\link.18372.delete.1.tlog
c:\users\yz778\desktop\csci 420\rollercoaster\assign1_coreopengl_startercode\hw1-startercode\bin\debug\hw2.tlog\link.18460.delete.1.tlog
c:\users\yz778\desktop\csci 420\rollercoaster\assign1_coreopengl_startercode\hw1-startercode\bin\debug\hw2.tlog\link.18848.delete.1.tlog
c:\users\yz778\desktop\csci 420\rollercoaster\assign1_coreopengl_startercode\hw1-startercode\bin\debug\hw2.tlog\link.18852.delete.1.tlog
c:\users\yz778\desktop\csci 420\rollercoaster\assign1_coreopengl_startercode\hw1-startercode\bin\debug\hw2.tlog\link.18864.delete.1.tlog
c:\users\yz778\desktop\csci 420\rollercoaster\assign1_coreopengl_startercode\hw1-startercode\bin\debug\hw2.tlog\link.19012.delete.1.tlog
c:\users\yz778\desktop\csci 420\rollercoaster\assign1_coreopengl_startercode\hw1-startercode\bin\debug\hw2.tlog\link.19780.delete.1.tlog
c:\users\yz778\desktop\csci 420\rollercoaster\assign1_coreopengl_startercode\hw1-startercode\bin\debug\hw2.tlog\link.20036.delete.1.tlog
c:\users\yz778\desktop\csci 420\rollercoaster\assign1_coreopengl_startercode\hw1-startercode\bin\debug\hw2.tlog\link.20212.delete.1.tlog
c:\users\yz778\desktop\csci 420\rollercoaster\assign1_coreopengl_startercode\hw1-startercode\bin\debug\hw2.tlog\link.20468.delete.1.tlog
c:\users\yz778\desktop\csci 420\rollercoaster\assign1_coreopengl_startercode\hw1-startercode\bin\debug\hw2.tlog\link.20828.delete.1.tlog
c:\users\yz778\desktop\csci 420\rollercoaster\assign1_coreopengl_startercode\hw1-startercode\bin\debug\hw2.tlog\link.21552.delete.1.tlog
c:\users\yz778\desktop\csci 420\rollercoaster\assign1_coreopengl_startercode\hw1-startercode\bin\debug\hw2.tlog\link.22084.delete.1.tlog
c:\users\yz778\desktop\csci 420\rollercoaster\assign1_coreopengl_startercode\hw1-startercode\bin\debug\hw2.tlog\link.23320.delete.1.tlog
c:\users\yz778\desktop\csci 420\rollercoaster\assign1_coreopengl_startercode\hw1-startercode\bin\debug\hw2.tlog\link.23512.delete.1.tlog
c:\users\yz778\desktop\csci 420\rollercoaster\assign1_coreopengl_startercode\hw1-startercode\bin\debug\hw2.tlog\link.23736.delete.1.tlog
c:\users\yz778\desktop\csci 420\rollercoaster\assign1_coreopengl_startercode\hw1-startercode\bin\debug\hw2.tlog\link.24364.delete.1.tlog
c:\users\yz778\desktop\csci 420\rollercoaster\assign1_coreopengl_startercode\hw1-startercode\bin\debug\hw2.tlog\link.24372.delete.1.tlog
c:\users\yz778\desktop\csci 420\rollercoaster\assign1_coreopengl_startercode\hw1-startercode\bin\debug\hw2.tlog\link.24520.delete.1.tlog
c:\users\yz778\desktop\csci 420\rollercoaster\assign1_coreopengl_startercode\hw1-startercode\bin\debug\hw2.tlog\link.24744.delete.1.tlog
c:\users\yz778\desktop\csci 420\rollercoaster\assign1_coreopengl_startercode\hw1-startercode\bin\debug\hw2.tlog\link.26076.delete.1.tlog
c:\users\yz778\desktop\csci 420\rollercoaster\assign1_coreopengl_startercode\hw1-startercode\bin\debug\hw2.tlog\link.27056.delete.1.tlog
c:\users\yz778\desktop\csci 420\rollercoaster\assign1_coreopengl_startercode\hw1-startercode\bin\debug\hw2.tlog\link.27264.delete.1.tlog
c:\users\yz778\desktop\csci 420\rollercoaster\assign1_coreopengl_startercode\hw1-startercode\bin\debug\hw2.tlog\link.27324.delete.1.tlog
c:\users\yz778\desktop\csci 420\rollercoaster\assign1_coreopengl_startercode\hw1-startercode\bin\debug\hw2.tlog\link.27524.delete.1.tlog
c:\users\yz778\desktop\csci 420\rollercoaster\assign1_coreopengl_startercode\hw1-startercode\bin\debug\hw2.tlog\link.27548.delete.1.tlog
c:\users\yz778\desktop\csci 420\rollercoaster\assign1_coreopengl_startercode\hw1-startercode\bin\debug\hw2.tlog\link.28188.delete.1.tlog
c:\users\yz778\desktop\csci 420\rollercoaster\assign1_coreopengl_startercode\hw1-startercode\bin\debug\hw2.tlog\link.28212.delete.1.tlog
c:\users\yz778\desktop\csci 420\rollercoaster\assign1_coreopengl_startercode\hw1-startercode\bin\debug\hw2.tlog\link.28464.delete.1.tlog
c:\users\yz778\desktop\csci 420\rollercoaster\assign1_coreopengl_startercode\hw1-startercode\bin\debug\hw2.tlog\link.2896.delete.1.tlog
c:\users\yz778\desktop\csci 420\rollercoaster\assign1_coreopengl_startercode\hw1-startercode\bin\debug\hw2.tlog\link.28968.delete.1.tlog
c:\users\yz778\desktop\csci 420\rollercoaster\assign1_coreopengl_startercode\hw1-startercode\bin\debug\hw2.tlog\link.3024.delete.1.tlog
c:\users\yz778\desktop\csci 420\rollercoaster\assign1_coreopengl_startercode\hw1-startercode\bin\debug\hw2.tlog\link.30312.delete.1.tlog
c:\users\yz778\desktop\csci 420\rollercoaster\assign1_coreopengl_startercode\hw1-startercode\bin\debug\hw2.tlog\link.30600.delete.1.tlog
c:\users\yz778\desktop\csci 420\rollercoaster\assign1_coreopengl_startercode\hw1-startercode\bin\debug\hw2.tlog\link.30780.delete.1.tlog
c:\users\yz778\desktop\csci 420\rollercoaster\assign1_coreopengl_startercode\hw1-startercode\bin\debug\hw2.tlog\link.30900.delete.1.tlog
c:\users\yz778\desktop\csci 420\rollercoaster\assign1_coreopengl_startercode\hw1-startercode\bin\debug\hw2.tlog\link.31820.delete.1.tlog
c:\users\yz778\desktop\csci 420\rollercoaster\assign1_coreopengl_startercode\hw1-startercode\bin\debug\hw2.tlog\link.32400.delete.1.tlog
c:\users\yz778\desktop\csci 420\rollercoaster\assign1_coreopengl_startercode\hw1-startercode\bin\debug\hw2.tlog\link.32456.delete.1.tlog
c:\users\yz778\desktop\csci 420\rollercoaster\assign1_coreopengl_startercode\hw1-startercode\bin\debug\hw2.tlog\link.32572.delete.1.tlog
c:\users\yz778\desktop\csci 420\rollercoaster\assign1_coreopengl_startercode\hw1-startercode\bin\debug\hw2.tlog\link.32812.delete.1.tlog
c:\users\yz778\desktop\csci 420\rollercoaster\assign1_coreopengl_startercode\hw1-startercode\bin\debug\hw2.tlog\link.33260.delete.1.tlog
c:\users\yz778\desktop\csci 420\rollercoaster\assign1_coreopengl_startercode\hw1-startercode\bin\debug\hw2.tlog\link.33440.delete.1.tlog
c:\users\yz778\desktop\csci 420\rollercoaster\assign1_coreopengl_startercode\hw1-startercode\bin\debug\hw2.tlog\link.33548.delete.1.tlog
c:\users\yz778\desktop\csci 420\rollercoaster\assign1_coreopengl_startercode\hw1-startercode\bin\debug\hw2.tlog\link.33596.delete.1.tlog
c:\users\yz778\desktop\csci 420\rollercoaster\assign1_coreopengl_startercode\hw1-startercode\bin\debug\hw2.tlog\link.33840.delete.1.tlog
c:\users\yz778\desktop\csci 420\rollercoaster\assign1_coreopengl_startercode\hw1-startercode\bin\debug\hw2.tlog\link.33868.delete.1.tlog
c:\users\yz778\desktop\csci 420\rollercoaster\assign1_coreopengl_startercode\hw1-startercode\bin\debug\hw2.tlog\link.34256.delete.1.tlog
c:\users\yz778\desktop\csci 420\rollercoaster\assign1_coreopengl_startercode\hw1-startercode\bin\debug\hw2.tlog\link.34644.delete.1.tlog
c:\users\yz778\desktop\csci 420\rollercoaster\assign1_coreopengl_startercode\hw1-startercode\bin\debug\hw2.tlog\link.34668.delete.1.tlog
c:\users\yz778\desktop\csci 420\rollercoaster\assign1_coreopengl_startercode\hw1-startercode\bin\debug\hw2.tlog\link.34704.delete.1.tlog
c:\users\yz778\desktop\csci 420\rollercoaster\assign1_coreopengl_startercode\hw1-startercode\bin\debug\hw2.tlog\link.36072.delete.1.tlog
c:\users\yz778\desktop\csci 420\rollercoaster\assign1_coreopengl_startercode\hw1-startercode\bin\debug\hw2.tlog\link.3616.delete.1.tlog
c:\users\yz778\desktop\csci 420\rollercoaster\assign1_coreopengl_startercode\hw1-startercode\bin\debug\hw2.tlog\link.36296.delete.1.tlog
c:\users\yz778\desktop\csci 420\rollercoaster\assign1_coreopengl_startercode\hw1-startercode\bin\debug\hw2.tlog\link.36316.delete.1.tlog
c:\users\yz778\desktop\csci 420\rollercoaster\assign1_coreopengl_startercode\hw1-startercode\bin\debug\hw2.tlog\link.36400.delete.1.tlog
c:\users\yz778\desktop\csci 420\rollercoaster\assign1_coreopengl_startercode\hw1-startercode\bin\debug\hw2.tlog\link.36688.delete.1.tlog
c:\users\yz778\desktop\csci 420\rollercoaster\assign1_coreopengl_startercode\hw1-startercode\bin\debug\hw2.tlog\link.36812.delete.1.tlog
c:\users\yz778\desktop\csci 420\rollercoaster\assign1_coreopengl_startercode\hw1-startercode\bin\debug\hw2.tlog\link.36816.delete.1.tlog
c:\users\yz778\desktop\csci 420\rollercoaster\assign1_coreopengl_startercode\hw1-startercode\bin\debug\hw2.tlog\link.36872.delete.1.tlog
c:\users\yz778\desktop\csci 420\rollercoaster\assign1_coreopengl_startercode\hw1-startercode\bin\debug\hw2.tlog\link.36892.delete.1.tlog
c:\users\yz778\desktop\csci 420\rollercoaster\assign1_coreopengl_startercode\hw1-startercode\bin\debug\hw2.tlog\link.36904.delete.1.tlog
c:\users\yz778\desktop\csci 420\rollercoaster\assign1_coreopengl_startercode\hw1-startercode\bin\debug\hw2.tlog\link.37412.delete.1.tlog
c:\users\yz778\desktop\csci 420\rollercoaster\assign1_coreopengl_startercode\hw1-startercode\bin\debug\hw2.tlog\link.37544.delete.1.tlog
c:\users\yz778\desktop\csci 420\rollercoaster\assign1_coreopengl_startercode\hw1-startercode\bin\debug\hw2.tlog\link.37688.delete.1.tlog
c:\users\yz778\desktop\csci 420\rollercoaster\assign1_coreopengl_startercode\hw1-startercode\bin\debug\hw2.tlog\link.38100.delete.1.tlog
c:\users\yz778\desktop\csci 420\rollercoaster\assign1_coreopengl_startercode\hw1-startercode\bin\debug\hw2.tlog\link.38140.delete.1.tlog
c:\users\yz778\desktop\csci 420\rollercoaster\assign1_coreopengl_startercode\hw1-startercode\bin\debug\hw2.tlog\link.38280.delete.1.tlog
c:\users\yz778\desktop\csci 420\rollercoaster\assign1_coreopengl_startercode\hw1-startercode\bin\debug\hw2.tlog\link.38460.delete.1.tlog
c:\users\yz778\desktop\csci 420\rollercoaster\assign1_coreopengl_startercode\hw1-startercode\bin\debug\hw2.tlog\link.38532.delete.1.tlog
c:\users\yz778\desktop\csci 420\rollercoaster\assign1_coreopengl_startercode\hw1-startercode\bin\debug\hw2.tlog\link.38616.delete.1.tlog
c:\users\yz778\desktop\csci 420\rollercoaster\assign1_coreopengl_startercode\hw1-startercode\bin\debug\hw2.tlog\link.38828.delete.1.tlog
c:\users\yz778\desktop\csci 420\rollercoaster\assign1_coreopengl_startercode\hw1-startercode\bin\debug\hw2.tlog\link.38964.delete.1.tlog
c:\users\yz778\desktop\csci 420\rollercoaster\assign1_coreopengl_startercode\hw1-startercode\bin\debug\hw2.tlog\link.39388.delete.1.tlog
c:\users\yz778\desktop\csci 420\rollercoaster\assign1_coreopengl_startercode\hw1-startercode\bin\debug\hw2.tlog\link.39464.delete.1.tlog
c:\users\yz778\desktop\csci 420\rollercoaster\assign1_coreopengl_startercode\hw1-startercode\bin\debug\hw2.tlog\link.39852.delete.1.tlog
c:\users\yz778\desktop\csci 420\rollercoaster\assign1_coreopengl_startercode\hw1-startercode\bin\debug\hw2.tlog\link.40884.delete.1.tlog
c:\users\yz778\desktop\csci 420\rollercoaster\assign1_coreopengl_startercode\hw1-startercode\bin\debug\hw2.tlog\link.40988.delete.1.tlog
c:\users\yz778\desktop\csci 420\rollercoaster\assign1_coreopengl_startercode\hw1-startercode\bin\debug\hw2.tlog\link.40992.delete.1.tlog
c:\users\yz778\desktop\csci 420\rollercoaster\assign1_coreopengl_startercode\hw1-startercode\bin\debug\hw2.tlog\link.41076.delete.1.tlog
c:\users\yz778\desktop\csci 420\rollercoaster\assign1_coreopengl_startercode\hw1-startercode\bin\debug\hw2.tlog\link.4112.delete.1.tlog
c:\users\yz778\desktop\csci 420\rollercoaster\assign1_coreopengl_startercode\hw1-startercode\bin\debug\hw2.tlog\link.41620.delete.1.tlog
c:\users\yz778\desktop\csci 420\rollercoaster\assign1_coreopengl_startercode\hw1-startercode\bin\debug\hw2.tlog\link.41968.delete.1.tlog
c:\users\yz778\desktop\csci 420\rollercoaster\assign1_coreopengl_startercode\hw1-startercode\bin\debug\hw2.tlog\link.42412.delete.1.tlog
c:\users\yz778\desktop\csci 420\rollercoaster\assign1_coreopengl_startercode\hw1-startercode\bin\debug\hw2.tlog\link.42448.delete.1.tlog
c:\users\yz778\desktop\csci 420\rollercoaster\assign1_coreopengl_startercode\hw1-startercode\bin\debug\hw2.tlog\link.42568.delete.1.tlog
c:\users\yz778\desktop\csci 420\rollercoaster\assign1_coreopengl_startercode\hw1-startercode\bin\debug\hw2.tlog\link.42964.delete.1.tlog
c:\users\yz778\desktop\csci 420\rollercoaster\assign1_coreopengl_startercode\hw1-startercode\bin\debug\hw2.tlog\link.43140.delete.1.tlog
c:\users\yz778\desktop\csci 420\rollercoaster\assign1_coreopengl_startercode\hw1-startercode\bin\debug\hw2.tlog\link.43312.delete.1.tlog
c:\users\yz778\desktop\csci 420\rollercoaster\assign1_coreopengl_startercode\hw1-startercode\bin\debug\hw2.tlog\link.43480.delete.1.tlog
c:\users\yz778\desktop\csci 420\rollercoaster\assign1_coreopengl_startercode\hw1-startercode\bin\debug\hw2.tlog\link.4372.delete.1.tlog
c:\users\yz778\desktop\csci 420\rollercoaster\assign1_coreopengl_startercode\hw1-startercode\bin\debug\hw2.tlog\link.4384.delete.1.tlog
c:\users\yz778\desktop\csci 420\rollercoaster\assign1_coreopengl_startercode\hw1-startercode\bin\debug\hw2.tlog\link.43972.delete.1.tlog
c:\users\yz778\desktop\csci 420\rollercoaster\assign1_coreopengl_startercode\hw1-startercode\bin\debug\hw2.tlog\link.44064.delete.1.tlog
c:\users\yz778\desktop\csci 420\rollercoaster\assign1_coreopengl_startercode\hw1-startercode\bin\debug\hw2.tlog\link.4408.delete.1.tlog
c:\users\yz778\desktop\csci 420\rollercoaster\assign1_coreopengl_startercode\hw1-startercode\bin\debug\hw2.tlog\link.4424.delete.1.tlog
c:\users\yz778\desktop\csci 420\rollercoaster\assign1_coreopengl_startercode\hw1-startercode\bin\debug\hw2.tlog\link.44536.delete.1.tlog
c:\users\yz778\desktop\csci 420\rollercoaster\assign1_coreopengl_startercode\hw1-startercode\bin\debug\hw2.tlog\link.44944.delete.1.tlog
c:\users\yz778\desktop\csci 420\rollercoaster\assign1_coreopengl_startercode\hw1-startercode\bin\debug\hw2.tlog\link.45120.delete.1.tlog
c:\users\yz778\desktop\csci 420\rollercoaster\assign1_coreopengl_startercode\hw1-startercode\bin\debug\hw2.tlog\link.46040.delete.1.tlog
c:\users\yz778\desktop\csci 420\rollercoaster\assign1_coreopengl_startercode\hw1-startercode\bin\debug\hw2.tlog\link.46240.delete.1.tlog
c:\users\yz778\desktop\csci 420\rollercoaster\assign1_coreopengl_startercode\hw1-startercode\bin\debug\hw2.tlog\link.46408.delete.1.tlog
c:\users\yz778\desktop\csci 420\rollercoaster\assign1_coreopengl_startercode\hw1-startercode\bin\debug\hw2.tlog\link.46444.delete.1.tlog
c:\users\yz778\desktop\csci 420\rollercoaster\assign1_coreopengl_startercode\hw1-startercode\bin\debug\hw2.tlog\link.46600.delete.1.tlog
c:\users\yz778\desktop\csci 420\rollercoaster\assign1_coreopengl_startercode\hw1-startercode\bin\debug\hw2.tlog\link.46608.delete.1.tlog
c:\users\yz778\desktop\csci 420\rollercoaster\assign1_coreopengl_startercode\hw1-startercode\bin\debug\hw2.tlog\link.46772.delete.1.tlog
c:\users\yz778\desktop\csci 420\rollercoaster\assign1_coreopengl_startercode\hw1-startercode\bin\debug\hw2.tlog\link.47200.delete.1.tlog
c:\users\yz778\desktop\csci 420\rollercoaster\assign1_coreopengl_startercode\hw1-startercode\bin\debug\hw2.tlog\link.47220.delete.1.tlog
c:\users\yz778\desktop\csci 420\rollercoaster\assign1_coreopengl_startercode\hw1-startercode\bin\debug\hw2.tlog\link.47392.delete.1.tlog
c:\users\yz778\desktop\csci 420\rollercoaster\assign1_coreopengl_startercode\hw1-startercode\bin\debug\hw2.tlog\link.47404.delete.1.tlog
c:\users\yz778\desktop\csci 420\rollercoaster\assign1_coreopengl_startercode\hw1-startercode\bin\debug\hw2.tlog\link.47512.delete.1.tlog
c:\users\yz778\desktop\csci 420\rollercoaster\assign1_coreopengl_startercode\hw1-startercode\bin\debug\hw2.tlog\link.47568.delete.1.tlog
c:\users\yz778\desktop\csci 420\rollercoaster\assign1_coreopengl_startercode\hw1-startercode\bin\debug\hw2.tlog\link.47876.delete.1.tlog
c:\users\yz778\desktop\csci 420\rollercoaster\assign1_coreopengl_startercode\hw1-startercode\bin\debug\hw2.tlog\link.47916.delete.1.tlog
c:\users\yz778\desktop\csci 420\rollercoaster\assign1_coreopengl_startercode\hw1-startercode\bin\debug\hw2.tlog\link.47932.delete.1.tlog
c:\users\yz778\desktop\csci 420\rollercoaster\assign1_coreopengl_startercode\hw1-startercode\bin\debug\hw2.tlog\link.48084.delete.1.tlog
c:\users\yz778\desktop\csci 420\rollercoaster\assign1_coreopengl_startercode\hw1-startercode\bin\debug\hw2.tlog\link.48308.delete.1.tlog
c:\users\yz778\desktop\csci 420\rollercoaster\assign1_coreopengl_startercode\hw1-startercode\bin\debug\hw2.tlog\link.48720.delete.1.tlog
c:\users\yz778\desktop\csci 420\rollercoaster\assign1_coreopengl_startercode\hw1-startercode\bin\debug\hw2.tlog\link.48836.delete.1.tlog
c:\users\yz778\desktop\csci 420\rollercoaster\assign1_coreopengl_startercode\hw1-startercode\bin\debug\hw2.tlog\link.50192.delete.1.tlog
c:\users\yz778\desktop\csci 420\rollercoaster\assign1_coreopengl_startercode\hw1-startercode\bin\debug\hw2.tlog\link.50248.delete.1.tlog
c:\users\yz778\desktop\csci 420\rollercoaster\assign1_coreopengl_startercode\hw1-startercode\bin\debug\hw2.tlog\link.50272.delete.1.tlog
c:\users\yz778\desktop\csci 420\rollercoaster\assign1_coreopengl_startercode\hw1-startercode\bin\debug\hw2.tlog\link.50384.delete.1.tlog
c:\users\yz778\desktop\csci 420\rollercoaster\assign1_coreopengl_startercode\hw1-startercode\bin\debug\hw2.tlog\link.50720.delete.1.tlog
c:\users\yz778\desktop\csci 420\rollercoaster\assign1_coreopengl_startercode\hw1-startercode\bin\debug\hw2.tlog\link.50744.delete.1.tlog
c:\users\yz778\desktop\csci 420\rollercoaster\assign1_coreopengl_startercode\hw1-startercode\bin\debug\hw2.tlog\link.50908.delete.1.tlog
c:\users\yz778\desktop\csci 420\rollercoaster\assign1_coreopengl_startercode\hw1-startercode\bin\debug\hw2.tlog\link.50912.delete.1.tlog
c:\users\yz778\desktop\csci 420\rollercoaster\assign1_coreopengl_startercode\hw1-startercode\bin\debug\hw2.tlog\link.51376.delete.1.tlog
c:\users\yz778\desktop\csci 420\rollercoaster\assign1_coreopengl_startercode\hw1-startercode\bin\debug\hw2.tlog\link.51472.delete.1.tlog
c:\users\yz778\desktop\csci 420\rollercoaster\assign1_coreopengl_startercode\hw1-startercode\bin\debug\hw2.tlog\link.51680.delete.1.tlog
c:\users\yz778\desktop\csci 420\rollercoaster\assign1_coreopengl_startercode\hw1-startercode\bin\debug\hw2.tlog\link.52036.delete.1.tlog
c:\users\yz778\desktop\csci 420\rollercoaster\assign1_coreopengl_startercode\hw1-startercode\bin\debug\hw2.tlog\link.52056.delete.1.tlog
c:\users\yz778\desktop\csci 420\rollercoaster\assign1_coreopengl_startercode\hw1-startercode\bin\debug\hw2.tlog\link.52124.delete.1.tlog
c:\users\yz778\desktop\csci 420\rollercoaster\assign1_coreopengl_startercode\hw1-startercode\bin\debug\hw2.tlog\link.52132.delete.1.tlog
c:\users\yz778\desktop\csci 420\rollercoaster\assign1_coreopengl_startercode\hw1-startercode\bin\debug\hw2.tlog\link.52324.delete.1.tlog
c:\users\yz778\desktop\csci 420\rollercoaster\assign1_coreopengl_startercode\hw1-startercode\bin\debug\hw2.tlog\link.52548.delete.1.tlog
c:\users\yz778\desktop\csci 420\rollercoaster\assign1_coreopengl_startercode\hw1-startercode\bin\debug\hw2.tlog\link.52700.delete.1.tlog
c:\users\yz778\desktop\csci 420\rollercoaster\assign1_coreopengl_startercode\hw1-startercode\bin\debug\hw2.tlog\link.52936.delete.1.tlog
c:\users\yz778\desktop\csci 420\rollercoaster\assign1_coreopengl_startercode\hw1-startercode\bin\debug\hw2.tlog\link.53508.delete.1.tlog
c:\users\yz778\desktop\csci 420\rollercoaster\assign1_coreopengl_startercode\hw1-startercode\bin\debug\hw2.tlog\link.54344.delete.1.tlog
c:\users\yz778\desktop\csci 420\rollercoaster\assign1_coreopengl_startercode\hw1-startercode\bin\debug\hw2.tlog\link.54432.delete.1.tlog
c:\users\yz778\desktop\csci 420\rollercoaster\assign1_coreopengl_startercode\hw1-startercode\bin\debug\hw2.tlog\link.54528.delete.1.tlog
c:\users\yz778\desktop\csci 420\rollercoaster\assign1_coreopengl_startercode\hw1-startercode\bin\debug\hw2.tlog\link.54584.delete.1.tlog
c:\users\yz778\desktop\csci 420\rollercoaster\assign1_coreopengl_startercode\hw1-startercode\bin\debug\hw2.tlog\link.54788.delete.1.tlog
c:\users\yz778\desktop\csci 420\rollercoaster\assign1_coreopengl_startercode\hw1-startercode\bin\debug\hw2.tlog\link.54820.delete.1.tlog
c:\users\yz778\desktop\csci 420\rollercoaster\assign1_coreopengl_startercode\hw1-startercode\bin\debug\hw2.tlog\link.54896.delete.1.tlog
c:\users\yz778\desktop\csci 420\rollercoaster\assign1_coreopengl_startercode\hw1-startercode\bin\debug\hw2.tlog\link.55092.delete.1.tlog
c:\users\yz778\desktop\csci 420\rollercoaster\assign1_coreopengl_startercode\hw1-startercode\bin\debug\hw2.tlog\link.55788.delete.1.tlog
c:\users\yz778\desktop\csci 420\rollercoaster\assign1_coreopengl_startercode\hw1-startercode\bin\debug\hw2.tlog\link.55840.delete.1.tlog
c:\users\yz778\desktop\csci 420\rollercoaster\assign1_coreopengl_startercode\hw1-startercode\bin\debug\hw2.tlog\link.55988.delete.1.tlog
c:\users\yz778\desktop\csci 420\rollercoaster\assign1_coreopengl_startercode\hw1-startercode\bin\debug\hw2.tlog\link.56212.delete.1.tlog
c:\users\yz778\desktop\csci 420\rollercoaster\assign1_coreopengl_startercode\hw1-startercode\bin\debug\hw2.tlog\link.56480.delete.1.tlog
c:\users\yz778\desktop\csci 420\rollercoaster\assign1_coreopengl_startercode\hw1-startercode\bin\debug\hw2.tlog\link.56784.delete.1.tlog
c:\users\yz778\desktop\csci 420\rollercoaster\assign1_coreopengl_startercode\hw1-startercode\bin\debug\hw2.tlog\link.57116.delete.1.tlog
c:\users\yz778\desktop\csci 420\rollercoaster\assign1_coreopengl_startercode\hw1-startercode\bin\debug\hw2.tlog\link.57132.delete.1.tlog
c:\users\yz778\desktop\csci 420\rollercoaster\assign1_coreopengl_startercode\hw1-startercode\bin\debug\hw2.tlog\link.57136.delete.1.tlog
c:\users\yz778\desktop\csci 420\rollercoaster\assign1_coreopengl_startercode\hw1-startercode\bin\debug\hw2.tlog\link.57348.delete.1.tlog
c:\users\yz778\desktop\csci 420\rollercoaster\assign1_coreopengl_startercode\hw1-startercode\bin\debug\hw2.tlog\link.57516.delete.1.tlog
c:\users\yz778\desktop\csci 420\rollercoaster\assign1_coreopengl_startercode\hw1-startercode\bin\debug\hw2.tlog\link.57564.delete.1.tlog
c:\users\yz778\desktop\csci 420\rollercoaster\assign1_coreopengl_startercode\hw1-startercode\bin\debug\hw2.tlog\link.57660.delete.1.tlog
c:\users\yz778\desktop\csci 420\rollercoaster\assign1_coreopengl_startercode\hw1-startercode\bin\debug\hw2.tlog\link.57688.delete.1.tlog
c:\users\yz778\desktop\csci 420\rollercoaster\assign1_coreopengl_startercode\hw1-startercode\bin\debug\hw2.tlog\link.57876.delete.1.tlog
c:\users\yz778\desktop\csci 420\rollercoaster\assign1_coreopengl_startercode\hw1-startercode\bin\debug\hw2.tlog\link.58048.delete.1.tlog
c:\users\yz778\desktop\csci 420\rollercoaster\assign1_coreopengl_startercode\hw1-startercode\bin\debug\hw2.tlog\link.58144.delete.1.tlog
c:\users\yz778\desktop\csci 420\rollercoaster\assign1_coreopengl_startercode\hw1-startercode\bin\debug\hw2.tlog\link.5872.delete.1.tlog
c:\users\yz778\desktop\csci 420\rollercoaster\assign1_coreopengl_startercode\hw1-startercode\bin\debug\hw2.tlog\link.6836.delete.1.tlog
c:\users\yz778\desktop\csci 420\rollercoaster\assign1_coreopengl_startercode\hw1-startercode\bin\debug\hw2.tlog\link.7956.delete.1.tlog
c:\users\yz778\desktop\csci 420\rollercoaster\assign1_coreopengl_startercode\hw1-startercode\bin\debug\hw2.tlog\link.8068.delete.1.tlog
c:\users\yz778\desktop\csci 420\rollercoaster\assign1_coreopengl_startercode\hw1-startercode\bin\debug\hw2.tlog\link.8172.delete.1.tlog
c:\users\yz778\desktop\csci 420\rollercoaster\assign1_coreopengl_startercode\hw1-startercode\bin\debug\hw2.tlog\link.8840.delete.1.tlog
c:\users\yz778\desktop\csci 420\rollercoaster\assign1_coreopengl_startercode\hw1-startercode\bin\debug\hw2.tlog\link.9128.delete.1.tlog
c:\users\yz778\desktop\csci 420\rollercoaster\assign1_coreopengl_startercode\hw1-startercode\bin\debug\hw2.tlog\link.9584.delete.1.tlog
c:\users\yz778\desktop\csci 420\rollercoaster\assign1_coreopengl_startercode\hw1-startercode\bin\debug\hw2.tlog\link.command.1.tlog
c:\users\yz778\desktop\csci 420\rollercoaster\assign1_coreopengl_startercode\hw1-startercode\bin\debug\hw2.tlog\link.read.1.tlog
c:\users\yz778\desktop\csci 420\rollercoaster\assign1_coreopengl_startercode\hw1-startercode\bin\debug\hw2.tlog\link.write.1.tlog
