C:\Program Files (x86)\Microsoft Visual Studio\2019\Community\MSBuild\Microsoft\VC\v160\Microsoft.CppBuild.targets(452,5): warning MSB8028: The intermediate directory (C:\Users\yz778\Desktop\CSCI 420\rollercoaster\assign1_coreOpenGL_starterCode\hw1-starterCode\\Bin\Debug\) contains files shared from another project (hw1.vcxproj).  This can lead to incorrect clean and rebuild behavior.
  hw2.cpp
C:\Users\yz778\Desktop\CSCI 420\rollercoaster\assign1_coreOpenGL_starterCode\hw1-starterCode\hw2.cpp(380,36): warning C4305: 'argument': truncation from 'double' to 'float'
C:\Users\yz778\Desktop\CSCI 420\rollercoaster\assign1_coreOpenGL_starterCode\hw1-starterCode\hw2.cpp(416,43): warning C4305: 'initializing': truncation from 'double' to 'float'
C:\Users\yz778\Desktop\CSCI 420\rollercoaster\assign1_coreOpenGL_starterCode\hw1-starterCode\hw2.cpp(417,38): warning C4305: 'initializing': truncation from 'double' to 'float'
C:\Users\yz778\Desktop\CSCI 420\rollercoaster\assign1_coreOpenGL_starterCode\hw1-starterCode\hw2.cpp(418,50): warning C4305: 'initializing': truncation from 'double' to 'float'
C:\Users\yz778\Desktop\CSCI 420\rollercoaster\assign1_coreOpenGL_starterCode\hw1-starterCode\hw2.cpp(419,19): warning C4305: 'initializing': truncation from 'double' to 'float'
C:\Users\yz778\Desktop\CSCI 420\rollercoaster\assign1_coreOpenGL_starterCode\hw1-starterCode\hw2.cpp(500,55): warning C4244: '=': conversion from 'double' to 'float', possible loss of data
C:\Users\yz778\Desktop\CSCI 420\rollercoaster\assign1_coreOpenGL_starterCode\hw1-starterCode\hw2.cpp(675,3): warning C4244: '=': conversion from 'double' to 'float', possible loss of data
C:\Users\yz778\Desktop\CSCI 420\rollercoaster\assign1_coreOpenGL_starterCode\hw1-starterCode\hw2.cpp(679,3): warning C4244: '=': conversion from 'double' to 'float', possible loss of data
C:\Users\yz778\Desktop\CSCI 420\rollercoaster\assign1_coreOpenGL_starterCode\hw1-starterCode\hw2.cpp(683,3): warning C4244: '=': conversion from 'double' to 'float', possible loss of data
C:\Users\yz778\Desktop\CSCI 420\rollercoaster\assign1_coreOpenGL_starterCode\hw1-starterCode\hw2.cpp(692,3): warning C4244: '=': conversion from 'double' to 'float', possible loss of data
C:\Users\yz778\Desktop\CSCI 420\rollercoaster\assign1_coreOpenGL_starterCode\hw1-starterCode\hw2.cpp(695,3): warning C4244: '=': conversion from 'double' to 'float', possible loss of data
C:\Users\yz778\Desktop\CSCI 420\rollercoaster\assign1_coreOpenGL_starterCode\hw1-starterCode\hw2.cpp(698,3): warning C4244: '=': conversion from 'double' to 'float', possible loss of data
C:\Users\yz778\Desktop\CSCI 420\rollercoaster\assign1_coreOpenGL_starterCode\hw1-starterCode\hw2.cpp(741,27): warning C4305: 'argument': truncation from 'double' to 'float'
C:\Users\yz778\Desktop\CSCI 420\rollercoaster\assign1_coreOpenGL_starterCode\hw1-starterCode\hw2.cpp(805,20): warning C4018: '<': signed/unsigned mismatch
C:\Users\yz778\Desktop\CSCI 420\rollercoaster\assign1_coreOpenGL_starterCode\hw1-starterCode\hw2.cpp(813,20): warning C4018: '<': signed/unsigned mismatch
C:\Users\yz778\Desktop\CSCI 420\rollercoaster\assign1_coreOpenGL_starterCode\hw1-starterCode\hw2.cpp(844,10): warning C4244: 'initializing': conversion from 'double' to 'float', possible loss of data
C:\Users\yz778\Desktop\CSCI 420\rollercoaster\assign1_coreOpenGL_starterCode\hw1-starterCode\hw2.cpp(845,10): warning C4244: 'initializing': conversion from 'double' to 'float', possible loss of data
C:\Users\yz778\Desktop\CSCI 420\rollercoaster\assign1_coreOpenGL_starterCode\hw1-starterCode\hw2.cpp(850,20): warning C4018: '<': signed/unsigned mismatch
C:\Users\yz778\Desktop\CSCI 420\rollercoaster\assign1_coreOpenGL_starterCode\hw1-starterCode\hw2.cpp(851,21): warning C4018: '<': signed/unsigned mismatch
C:\Users\yz778\Desktop\CSCI 420\rollercoaster\assign1_coreOpenGL_starterCode\hw1-starterCode\hw2.cpp(852,12): warning C4244: 'initializing': conversion from 'double' to 'float', possible loss of data
C:\Users\yz778\Desktop\CSCI 420\rollercoaster\assign1_coreOpenGL_starterCode\hw1-starterCode\hw2.cpp(853,12): warning C4244: 'initializing': conversion from 'double' to 'float', possible loss of data
C:\Users\yz778\Desktop\CSCI 420\rollercoaster\assign1_coreOpenGL_starterCode\hw1-starterCode\hw2.cpp(854,12): warning C4244: 'initializing': conversion from 'double' to 'float', possible loss of data
C:\Users\yz778\Desktop\CSCI 420\rollercoaster\assign1_coreOpenGL_starterCode\hw1-starterCode\hw2.cpp(863,20): warning C4018: '<': signed/unsigned mismatch
C:\Users\yz778\Desktop\CSCI 420\rollercoaster\assign1_coreOpenGL_starterCode\hw1-starterCode\hw2.cpp(864,21): warning C4018: '<': signed/unsigned mismatch
C:\Users\yz778\Desktop\CSCI 420\rollercoaster\assign1_coreOpenGL_starterCode\hw1-starterCode\hw2.cpp(924,39): warning C4305: 'argument': truncation from 'double' to 'float'
C:\Users\yz778\Desktop\CSCI 420\rollercoaster\assign1_coreOpenGL_starterCode\hw1-starterCode\hw2.cpp(925,45): warning C4305: 'argument': truncation from 'double' to 'float'
C:\Users\yz778\Desktop\CSCI 420\rollercoaster\assign1_coreOpenGL_starterCode\hw1-starterCode\hw2.cpp(926,39): warning C4305: 'argument': truncation from 'double' to 'float'
C:\Users\yz778\Desktop\CSCI 420\rollercoaster\assign1_coreOpenGL_starterCode\hw1-starterCode\hw2.cpp(927,44): warning C4305: 'argument': truncation from 'double' to 'float'
  jpeg.lib(jerror.obj) : MSIL .netmodule or module compiled with /GL found; restarting link with /LTCG; add /LTCG to the link command line to improve linker performance
LINK : warning LNK4075: ignoring '/INCREMENTAL' due to '/LTCG' specification
LINK : warning LNK4098: defaultlib 'MSVCRT' conflicts with use of other libs; use /NODEFAULTLIB:library
  Generating code
  Finished generating code
  hw2.vcxproj -> C:\Users\yz778\Desktop\CSCI 420\rollercoaster\assign1_coreOpenGL_starterCode\hw1-starterCode\\Bin\Debug\hw2.exe
